<?xml version="1.0" encoding="UTF-8"?>
<testsuite name="com.example.dersybs4_2211.ExampleUnitTest" tests="1" skipped="0" failures="0" errors="0" timestamp="2025-01-03T12:02:48" hostname="talkinvestMacbookPros-MacBook-Pro.local" time="0.003">
  <properties/>
  <testcase name="addition_isCorrect" classname="com.example.dersybs4_2211.ExampleUnitTest" time="0.003"/>
  <system-out><![CDATA[]]></system-out>
  <system-err><![CDATA[]]></system-err>
</testsuite>
